#-----------------------------------------------------------
# Vivado v2022.2 (64-bit)
# SW Build 3671981 on Fri Oct 14 05:00:03 MDT 2022
# IP Build 3669848 on Fri Oct 14 08:30:02 MDT 2022
# Start of session at: Wed Jun 14 21:06:09 2023
# Process ID: 11740
# Current directory: C:/Users/danie/project_666
# Command line: vivado.exe -gui_launcher_event rodinguilauncherevent16104 C:\Users\danie\project_666\project_666.xpr
# Log file: C:/Users/danie/project_666/vivado.log
# Journal file: C:/Users/danie/project_666\vivado.jou
# Running On: LAPTOP-QBGSF2DS, OS: Windows, CPU Frequency: 2592 MHz, CPU Physical cores: 6, Host memory: 17002 MB
#-----------------------------------------------------------
start_gui
open_project C:/Users/danie/project_666/project_666.xpr
WARNING: [Board 49-26] cannot add Board Part xilinx.com:kc705:part0:1.6 available at C:/Xilinx/Vivado/2022.2/data/xhub/boards/XilinxBoardStore/boards/Xilinx/kc705/1.6/board.xml as part xc7k325tffg900-2 specified in board_part file is either invalid or not available
WARNING: [Board 49-26] cannot add Board Part xilinx.com:kcu105:part0:1.6 available at C:/Xilinx/Vivado/2022.2/data/xhub/boards/XilinxBoardStore/boards/Xilinx/kcu105/1.6/board.xml as part xcku040-ffva1156-2-e specified in board_part file is either invalid or not available
WARNING: [Board 49-26] cannot add Board Part xilinx.com:kcu105:part0:1.7 available at C:/Xilinx/Vivado/2022.2/data/xhub/boards/XilinxBoardStore/boards/Xilinx/kcu105/1.7/board.xml as part xcku040-ffva1156-2-e specified in board_part file is either invalid or not available
WARNING: [Board 49-26] cannot add Board Part xilinx.com:kcu1500:part0:1.2 available at C:/Xilinx/Vivado/2022.2/data/xhub/boards/XilinxBoardStore/boards/Xilinx/kcu1500/1.2/board.xml as part xcku115-flvb2104-2-e specified in board_part file is either invalid or not available
WARNING: [Board 49-26] cannot add Board Part xilinx.com:vc707:part0:1.4 available at C:/Xilinx/Vivado/2022.2/data/xhub/boards/XilinxBoardStore/boards/Xilinx/vc707/1.4/board.xml as part xc7vx485tffg1761-2 specified in board_part file is either invalid or not available
WARNING: [Board 49-26] cannot add Board Part xilinx.com:vc709:part0:1.8 available at C:/Xilinx/Vivado/2022.2/data/xhub/boards/XilinxBoardStore/boards/Xilinx/vc709/1.8/board.xml as part xc7vx690tffg1761-2 specified in board_part file is either invalid or not available
WARNING: [Board 49-26] cannot add Board Part xilinx.com:vck190:part0:2.2 available at C:/Xilinx/Vivado/2022.2/data/xhub/boards/XilinxBoardStore/boards/Xilinx/vck190/production/2.2/board.xml as part xcvc1902-vsva2197-2mp-e-s specified in board_part file is either invalid or not available
WARNING: [Board 49-26] cannot add Board Part xilinx.com:vck190:part0:3.0 available at C:/Xilinx/Vivado/2022.2/data/xhub/boards/XilinxBoardStore/boards/Xilinx/vck190/production/3.0/board.xml as part xcvc1902-vsva2197-2mp-e-s specified in board_part file is either invalid or not available
WARNING: [Board 49-26] cannot add Board Part xilinx.com:vck190:part0:3.1 available at C:/Xilinx/Vivado/2022.2/data/xhub/boards/XilinxBoardStore/boards/Xilinx/vck190/production/3.1/board.xml as part xcvc1902-vsva2197-2mp-e-s specified in board_part file is either invalid or not available
WARNING: [Board 49-26] cannot add Board Part xilinx.com:vck190_newl:part0:1.0 available at C:/Xilinx/Vivado/2022.2/data/xhub/boards/XilinxBoardStore/boards/Xilinx/vck190_newl/production/1.0/board.xml as part xcvc1902-vsva2197-2mp-e-s specified in board_part file is either invalid or not available
WARNING: [Board 49-26] cannot add Board Part xilinx.com:vcu108:part0:1.6 available at C:/Xilinx/Vivado/2022.2/data/xhub/boards/XilinxBoardStore/boards/Xilinx/vcu108/1.6/board.xml as part xcvu095-ffva2104-2-e specified in board_part file is either invalid or not available
WARNING: [Board 49-26] cannot add Board Part xilinx.com:vcu108:part0:1.7 available at C:/Xilinx/Vivado/2022.2/data/xhub/boards/XilinxBoardStore/boards/Xilinx/vcu108/1.7/board.xml as part xcvu095-ffva2104-2-e specified in board_part file is either invalid or not available
WARNING: [Board 49-26] cannot add Board Part xilinx.com:vcu110:part0:1.4 available at C:/Xilinx/Vivado/2022.2/data/xhub/boards/XilinxBoardStore/boards/Xilinx/vcu110/1.4/board.xml as part xcvu190-flgc2104-2-e specified in board_part file is either invalid or not available
WARNING: [Board 49-26] cannot add Board Part xilinx.com:vcu118:part0:2.0 available at C:/Xilinx/Vivado/2022.2/data/xhub/boards/XilinxBoardStore/boards/Xilinx/vcu118/2.0/board.xml as part xcvu9p-flga2104-2l-e specified in board_part file is either invalid or not available
WARNING: [Board 49-26] cannot add Board Part xilinx.com:vcu118:part0:2.3 available at C:/Xilinx/Vivado/2022.2/data/xhub/boards/XilinxBoardStore/boards/Xilinx/vcu118/2.3/board.xml as part xcvu9p-flga2104-2l-e specified in board_part file is either invalid or not available
WARNING: [Board 49-26] cannot add Board Part xilinx.com:vcu118:part0:2.4 available at C:/Xilinx/Vivado/2022.2/data/xhub/boards/XilinxBoardStore/boards/Xilinx/vcu118/2.4/board.xml as part xcvu9p-flga2104-2l-e specified in board_part file is either invalid or not available
WARNING: [Board 49-26] cannot add Board Part xilinx.com:vcu128:part0:1.0 available at C:/Xilinx/Vivado/2022.2/data/xhub/boards/XilinxBoardStore/boards/Xilinx/vcu128/production/1.0/board.xml as part xcvu37p-fsvh2892-2l-e specified in board_part file is either invalid or not available
WARNING: [Board 49-26] cannot add Board Part xilinx.com:vcu129:part0:1.0 available at C:/Xilinx/Vivado/2022.2/data/xhub/boards/XilinxBoardStore/boards/Xilinx/vcu129/production/1.0/board.xml as part xcvu29p-fsga2577-2l-e specified in board_part file is either invalid or not available
WARNING: [Board 49-26] cannot add Board Part xilinx.com:vcu1525:part0:1.3 available at C:/Xilinx/Vivado/2022.2/data/xhub/boards/XilinxBoardStore/boards/Xilinx/vcu1525/1.3/board.xml as part xcvu9p-fsgd2104-2l-e specified in board_part file is either invalid or not available
WARNING: [Board 49-26] cannot add Board Part xilinx.com:vek280_es:part0:1.0 available at C:/Xilinx/Vivado/2022.2/data/xhub/boards/XilinxBoardStore/boards/Xilinx/vek280/es/1.0/board.xml as part xcve2802-vsvh1760-2lp-e-s-es1 specified in board_part file is either invalid or not available
WARNING: [Board 49-26] cannot add Board Part xilinx.com:vermeo_t1_mpsoc:part0:1.0 available at C:/Xilinx/Vivado/2022.2/data/xhub/boards/XilinxBoardStore/boards/Xilinx/vermeo_t1_mpsoc/1.0/board.xml as part xczu19eg-ffvd1760-2l-e specified in board_part file is either invalid or not available
WARNING: [Board 49-26] cannot add Board Part xilinx.com:vermeo_t1_rfsoc:part0:1.0 available at C:/Xilinx/Vivado/2022.2/data/xhub/boards/XilinxBoardStore/boards/Xilinx/vermeo_t1_rfsoc/1.0/board.xml as part xczu21dr-ffvd1156-2l-e specified in board_part file is either invalid or not available
WARNING: [Board 49-26] cannot add Board Part xilinx.com:vhk158_es:part0:1.0 available at C:/Xilinx/Vivado/2022.2/data/xhub/boards/XilinxBoardStore/boards/Xilinx/vhk158/es/1.0/board.xml as part xcvh1582-vsva3697-2mp-e-s-es1 specified in board_part file is either invalid or not available
WARNING: [Board 49-26] cannot add Board Part xilinx.com:vmk180:part0:2.2 available at C:/Xilinx/Vivado/2022.2/data/xhub/boards/XilinxBoardStore/boards/Xilinx/vmk180/production/2.2/board.xml as part xcvm1802-vsva2197-2mp-e-s specified in board_part file is either invalid or not available
WARNING: [Board 49-26] cannot add Board Part xilinx.com:vmk180:part0:3.0 available at C:/Xilinx/Vivado/2022.2/data/xhub/boards/XilinxBoardStore/boards/Xilinx/vmk180/production/3.0/board.xml as part xcvm1802-vsva2197-2mp-e-s specified in board_part file is either invalid or not available
WARNING: [Board 49-26] cannot add Board Part xilinx.com:vmk180:part0:3.1 available at C:/Xilinx/Vivado/2022.2/data/xhub/boards/XilinxBoardStore/boards/Xilinx/vmk180/production/3.1/board.xml as part xcvm1802-vsva2197-2mp-e-s specified in board_part file is either invalid or not available
WARNING: [Board 49-26] cannot add Board Part xilinx.com:vmk180_newl:part0:1.0 available at C:/Xilinx/Vivado/2022.2/data/xhub/boards/XilinxBoardStore/boards/Xilinx/vmk180_newl/production/1.0/board.xml as part xcvm1802-vsva2197-2mp-e-s specified in board_part file is either invalid or not available
WARNING: [Board 49-26] cannot add Board Part xilinx.com:vpk120:part0:1.0 available at C:/Xilinx/Vivado/2022.2/data/xhub/boards/XilinxBoardStore/boards/Xilinx/vpk120/production/1.0/board.xml as part xcvp1202-vsva2785-2mp-e-s specified in board_part file is either invalid or not available
WARNING: [Board 49-26] cannot add Board Part xilinx.com:vpk120_es:part0:1.2 available at C:/Xilinx/Vivado/2022.2/data/xhub/boards/XilinxBoardStore/boards/Xilinx/vpk120/es/1.2/board.xml as part xcvp1202-vsva2785-2mp-e-s-es1 specified in board_part file is either invalid or not available
WARNING: [Board 49-26] cannot add Board Part xilinx.com:vpk120_es_revb:part0:1.0 available at C:/Xilinx/Vivado/2022.2/data/xhub/boards/XilinxBoardStore/boards/Xilinx/vpk120_revb/es/1.0/board.xml as part xcvp1202-vsva2785-2mp-e-s-es1 specified in board_part file is either invalid or not available
WARNING: [Board 49-26] cannot add Board Part xilinx.com:vpk180_es:part0:1.0 available at C:/Xilinx/Vivado/2022.2/data/xhub/boards/XilinxBoardStore/boards/Xilinx/vpk180/es/1.0/board.xml as part xcvp1802-lsvc4072-2mp-e-s-es1 specified in board_part file is either invalid or not available
WARNING: [Board 49-26] cannot add Board Part xilinx.com:zc706:part0:1.4 available at C:/Xilinx/Vivado/2022.2/data/xhub/boards/XilinxBoardStore/boards/Xilinx/zc706/1.4/board.xml as part xc7z045ffg900-2 specified in board_part file is either invalid or not available
WARNING: [Board 49-26] cannot add Board Part xilinx.com:zcu102:part0:3.3 available at C:/Xilinx/Vivado/2022.2/data/xhub/boards/XilinxBoardStore/boards/Xilinx/zcu102/3.3/board.xml as part xczu9eg-ffvb1156-2-e specified in board_part file is either invalid or not available
WARNING: [Board 49-26] cannot add Board Part xilinx.com:zcu102:part0:3.4 available at C:/Xilinx/Vivado/2022.2/data/xhub/boards/XilinxBoardStore/boards/Xilinx/zcu102/3.4/board.xml as part xczu9eg-ffvb1156-2-e specified in board_part file is either invalid or not available
WARNING: [Board 49-26] cannot add Board Part xilinx.com:zcu111:part0:1.2 available at C:/Xilinx/Vivado/2022.2/data/xhub/boards/XilinxBoardStore/boards/Xilinx/zcu111/1.2/board.xml as part xczu28dr-ffvg1517-2-e specified in board_part file is either invalid or not available
WARNING: [Board 49-26] cannot add Board Part xilinx.com:zcu111:part0:1.3 available at C:/Xilinx/Vivado/2022.2/data/xhub/boards/XilinxBoardStore/boards/Xilinx/zcu111/1.3/board.xml as part xczu28dr-ffvg1517-2-e specified in board_part file is either invalid or not available
WARNING: [Board 49-26] cannot add Board Part xilinx.com:zcu111:part0:1.4 available at C:/Xilinx/Vivado/2022.2/data/xhub/boards/XilinxBoardStore/boards/Xilinx/zcu111/1.4/board.xml as part xczu28dr-ffvg1517-2-e specified in board_part file is either invalid or not available
WARNING: [Board 49-26] cannot add Board Part xilinx.com:zcu1275:part0:1.0 available at C:/Xilinx/Vivado/2022.2/data/xhub/boards/XilinxBoardStore/boards/Xilinx/zcu1275/1.0/board.xml as part xczu29dr-ffvf1760-2-e specified in board_part file is either invalid or not available
WARNING: [Board 49-26] cannot add Board Part xilinx.com:zcu1285:part0:1.0 available at C:/Xilinx/Vivado/2022.2/data/xhub/boards/XilinxBoardStore/boards/Xilinx/zcu1285/1.0/board.xml as part xczu39dr-ffvf1760-2-i specified in board_part file is either invalid or not available
WARNING: [Board 49-26] cannot add Board Part xilinx.com:zcu208:part0:2.0 available at C:/Xilinx/Vivado/2022.2/data/xhub/boards/XilinxBoardStore/boards/Xilinx/zcu208/production/2.0/board.xml as part xczu48dr-fsvg1517-2-e specified in board_part file is either invalid or not available
WARNING: [Board 49-26] cannot add Board Part xilinx.com:zcu208ld:part0:2.0 available at C:/Xilinx/Vivado/2022.2/data/xhub/boards/XilinxBoardStore/boards/Xilinx/zcu208ld/production/2.0/board.xml as part xczu58dr-fsvg1517-2-i specified in board_part file is either invalid or not available
WARNING: [Board 49-26] cannot add Board Part xilinx.com:zcu216:part0:2.0 available at C:/Xilinx/Vivado/2022.2/data/xhub/boards/XilinxBoardStore/boards/Xilinx/zcu216/production/2.0/board.xml as part xczu49dr-ffvf1760-2-e specified in board_part file is either invalid or not available
WARNING: [Board 49-26] cannot add Board Part xilinx.com:zcu216ld:part0:2.0 available at C:/Xilinx/Vivado/2022.2/data/xhub/boards/XilinxBoardStore/boards/Xilinx/zcu216ld/production/2.0/board.xml as part xczu59dr-ffvf1760-2-i specified in board_part file is either invalid or not available
WARNING: [Board 49-26] cannot add Board Part xilinx.com:zcu670:part0:2.0 available at C:/Xilinx/Vivado/2022.2/data/xhub/boards/XilinxBoardStore/boards/Xilinx/zcu670/2.0/board.xml as part xczu67dr-fsve1156-2-i specified in board_part file is either invalid or not available
WARNING: [Board 49-26] cannot add Board Part xilinx.com:zcu670ld:part0:1.0 available at C:/Xilinx/Vivado/2022.2/data/xhub/boards/XilinxBoardStore/boards/Xilinx/zcu670ld/1.0/board.xml as part xczu57dr-fsve1156-2-i specified in board_part file is either invalid or not available
INFO: [filemgmt 56-3] Default IP Output Path : Could not find the directory 'C:/Users/danie/project_666/project_666.gen/sources_1'.
Scanning sources...
Finished scanning sources
INFO: [IP_Flow 19-234] Refreshing IP repositories
INFO: [IP_Flow 19-1704] No user IP repositories specified
INFO: [IP_Flow 19-2313] Loaded Vivado IP repository 'C:/Xilinx/Vivado/2022.2/data/ip'.
open_project: Time (s): cpu = 00:00:13 ; elapsed = 00:00:09 . Memory (MB): peak = 1137.203 ; gain = 356.203
update_compile_order -fileset sources_1
WARNING: [filemgmt 56-199] Attempt to get parsing info during refresh. "On-the-fly" syntax checking information may be incorrect. [C:\Users\danie\Downloads\class_2\demo\src\led_shift.v:]
WARNING: [filemgmt 56-199] Attempt to get parsing info during refresh. "On-the-fly" syntax checking information may be incorrect. [C:\Users\danie\Downloads\class_2\demo\src\shifter_groupnum.v:]
ERROR: [Common 17-180] Spawn failed: No error
update_compile_order -fileset sources_1
export_ip_user_files -of_objects  [get_files C:/Users/danie/Downloads/class_2/demo/src/shifter_groupnum.v] -no_script -reset -force -quiet
remove_files  C:/Users/danie/Downloads/class_2/demo/src/shifter_groupnum.v
export_ip_user_files -of_objects  [get_files C:/Users/danie/Downloads/class_2/demo/src/clk_div.v] -no_script -reset -force -quiet
remove_files  C:/Users/danie/Downloads/class_2/demo/src/clk_div.v
export_ip_user_files -of_objects  [get_files C:/Users/danie/Downloads/class_2/demo/src/led_shift.v] -no_script -reset -force -quiet
remove_files  C:/Users/danie/Downloads/class_2/demo/src/led_shift.v
file mkdir C:/Users/danie/project_666/project_666.srcs/sources_1/new
close [ open C:/Users/danie/project_666/project_666.srcs/sources_1/new/traffic_controller.v w ]
add_files C:/Users/danie/project_666/project_666.srcs/sources_1/new/traffic_controller.v
close [ open C:/Users/danie/project_666/project_666.srcs/sources_1/new/onehz_gen.v w ]
add_files C:/Users/danie/project_666/project_666.srcs/sources_1/new/onehz_gen.v
close [ open C:/Users/danie/project_666/project_666.srcs/sources_1/new/state_machine.v w ]
add_files C:/Users/danie/project_666/project_666.srcs/sources_1/new/state_machine.v
close [ open C:/Users/danie/project_666/project_666.srcs/sources_1/new/sw_deounce.v w ]
add_files C:/Users/danie/project_666/project_666.srcs/sources_1/new/sw_deounce.v
update_compile_order -fileset sources_1
update_compile_order -fileset sources_1
update_compile_order -fileset sources_1
update_compile_order -fileset sources_1
update_compile_order -fileset sources_1
reset_run synth_1
INFO: [Project 1-1160] Copying file C:/Users/danie/project_666/project_666.runs/synth_1/led_shift.dcp to C:/Users/danie/project_666/project_666.srcs/utils_1/imports/synth_1 and adding it to utils fileset
launch_runs synth_1 -jobs 6
[Thu Jun 15 15:22:06 2023] Launched synth_1...
Run output will be captured here: C:/Users/danie/project_666/project_666.runs/synth_1/runme.log
launch_runs impl_1 -jobs 6
[Thu Jun 15 15:23:53 2023] Launched impl_1...
Run output will be captured here: C:/Users/danie/project_666/project_666.runs/impl_1/runme.log
launch_runs impl_1 -to_step write_bitstream -jobs 6
[Thu Jun 15 15:25:55 2023] Launched impl_1...
Run output will be captured here: C:/Users/danie/project_666/project_666.runs/impl_1/runme.log
reset_run synth_1
INFO: [Project 1-1161] Replacing file C:/Users/danie/project_666/project_666.srcs/utils_1/imports/synth_1/led_shift.dcp with file C:/Users/danie/project_666/project_666.runs/synth_1/traffic_controller.dcp
launch_runs synth_1 -jobs 6
[Thu Jun 15 15:38:28 2023] Launched synth_1...
Run output will be captured here: C:/Users/danie/project_666/project_666.runs/synth_1/runme.log
launch_runs impl_1 -jobs 6
[Thu Jun 15 15:39:22 2023] Launched impl_1...
Run output will be captured here: C:/Users/danie/project_666/project_666.runs/impl_1/runme.log
launch_runs impl_1 -to_step write_bitstream -jobs 6
[Thu Jun 15 15:41:51 2023] Launched impl_1...
Run output will be captured here: C:/Users/danie/project_666/project_666.runs/impl_1/runme.log
open_hw_manager
connect_hw_server -allow_non_jtag
INFO: [Labtools 27-2285] Connecting to hw_server url TCP:localhost:3121
INFO: [Labtools 27-2222] Launching hw_server...
INFO: [Labtools 27-2221] Launch Output:

****** Xilinx hw_server v2022.2
  **** Build date : Oct 14 2022 at 05:18:10
    ** Copyright 1986-2022 Xilinx, Inc. All Rights Reserved.


INFO: [Labtools 27-3415] Connecting to cs_server url TCP:localhost:0
INFO: [Labtools 27-3417] Launching cs_server...
INFO: [Labtools 27-2221] Launch Output:


******** Xilinx cs_server v2022.2.0
  ****** Build date   : Oct 05 2022-07:25:37
    **** Build number : 2022.2.1664925937
      ** Copyright 2017-2023 Xilinx, Inc. All Rights Reserved.



open_hw_target
INFO: [Labtoolstcl 44-466] Opening hw_target localhost:3121/xilinx_tcf/Xilinx/1234-tulA
open_hw_target: Time (s): cpu = 00:00:03 ; elapsed = 00:00:09 . Memory (MB): peak = 3372.613 ; gain = 2160.156
set_property PROGRAM.FILE {C:/Users/danie/project_666/project_666.runs/impl_1/traffic_controller.bit} [get_hw_devices xc7z020_1]
current_hw_device [get_hw_devices xc7z020_1]
refresh_hw_device -update_hw_probes false [lindex [get_hw_devices xc7z020_1] 0]
INFO: [Labtools 27-1435] Device xc7z020 (JTAG device index = 1) is not programmed (DONE status = 0).
set_property PROBES.FILE {} [get_hw_devices xc7z020_1]
set_property FULL_PROBES.FILE {} [get_hw_devices xc7z020_1]
set_property PROGRAM.FILE {C:/Users/danie/project_666/project_666.runs/impl_1/traffic_controller.bit} [get_hw_devices xc7z020_1]
program_hw_devices [get_hw_devices xc7z020_1]
INFO: [Labtools 27-3164] End of startup status: HIGH
refresh_hw_device [lindex [get_hw_devices xc7z020_1] 0]
INFO: [Labtools 27-1434] Device xc7z020 (JTAG device index = 1) is programmed with a design that has no supported debug core(s) in it.
ERROR: [Labtoolstcl 44-513] HW Target shutdown. Closing target: localhost:3121/xilinx_tcf/Xilinx/1234-tulA
close_hw_manager
reset_run synth_1
INFO: [Project 1-1161] Replacing file C:/Users/danie/project_666/project_666.srcs/utils_1/imports/synth_1/led_shift.dcp with file C:/Users/danie/project_666/project_666.runs/synth_1/traffic_controller.dcp
WARNING: [Vivado 12-1017] Problems encountered:
1. Failed to delete one or more files in run directory C:/Users/danie/project_666/project_666.runs/synth_1

launch_runs synth_1 -jobs 6
[Thu Jun 15 16:34:34 2023] Launched synth_1...
Run output will be captured here: C:/Users/danie/project_666/project_666.runs/synth_1/runme.log
launch_runs impl_1 -jobs 6
[Thu Jun 15 16:35:57 2023] Launched impl_1...
Run output will be captured here: C:/Users/danie/project_666/project_666.runs/impl_1/runme.log
reset_run synth_1
INFO: [Project 1-1161] Replacing file C:/Users/danie/project_666/project_666.srcs/utils_1/imports/synth_1/led_shift.dcp with file C:/Users/danie/project_666/project_666.runs/synth_1/traffic_controller.dcp
WARNING: [Vivado 12-1017] Problems encountered:
1. Failed to delete one or more files in run directory C:/Users/danie/project_666/project_666.runs/synth_1

launch_runs synth_1 -jobs 6
[Thu Jun 15 16:41:38 2023] Launched synth_1...
Run output will be captured here: C:/Users/danie/project_666/project_666.runs/synth_1/runme.log
launch_runs impl_1 -jobs 6
[Thu Jun 15 16:42:27 2023] Launched impl_1...
Run output will be captured here: C:/Users/danie/project_666/project_666.runs/impl_1/runme.log
reset_run synth_1
INFO: [Project 1-1161] Replacing file C:/Users/danie/project_666/project_666.srcs/utils_1/imports/synth_1/led_shift.dcp with file C:/Users/danie/project_666/project_666.runs/synth_1/traffic_controller.dcp
WARNING: [Vivado 12-1017] Problems encountered:
1. Failed to delete one or more files in run directory C:/Users/danie/project_666/project_666.runs/synth_1

launch_runs synth_1 -jobs 6
[Thu Jun 15 16:48:06 2023] Launched synth_1...
Run output will be captured here: C:/Users/danie/project_666/project_666.runs/synth_1/runme.log
launch_runs impl_1 -jobs 6
[Thu Jun 15 16:48:56 2023] Launched impl_1...
Run output will be captured here: C:/Users/danie/project_666/project_666.runs/impl_1/runme.log
close [ open C:/Users/danie/project_666/project_666.srcs/sources_1/new/segment.v w ]
add_files C:/Users/danie/project_666/project_666.srcs/sources_1/new/segment.v
update_compile_order -fileset sources_1
reset_run synth_1
INFO: [Project 1-1161] Replacing file C:/Users/danie/project_666/project_666.srcs/utils_1/imports/synth_1/led_shift.dcp with file C:/Users/danie/project_666/project_666.runs/synth_1/traffic_controller.dcp
WARNING: [Vivado 12-1017] Problems encountered:
1. Failed to delete one or more files in run directory C:/Users/danie/project_666/project_666.runs/synth_1

launch_runs synth_1 -jobs 6
[Thu Jun 15 17:06:27 2023] Launched synth_1...
Run output will be captured here: C:/Users/danie/project_666/project_666.runs/synth_1/runme.log
reset_run synth_1
WARNING: [Vivado 12-1017] Problems encountered:
1. Failed to delete one or more files in run directory C:/Users/danie/project_666/project_666.runs/synth_1

launch_runs synth_1 -jobs 6
[Thu Jun 15 17:08:33 2023] Launched synth_1...
Run output will be captured here: C:/Users/danie/project_666/project_666.runs/synth_1/runme.log
reset_run synth_1
WARNING: [Vivado 12-1017] Problems encountered:
1. Failed to delete one or more files in run directory C:/Users/danie/project_666/project_666.runs/synth_1

launch_runs synth_1 -jobs 6
[Thu Jun 15 17:11:59 2023] Launched synth_1...
Run output will be captured here: C:/Users/danie/project_666/project_666.runs/synth_1/runme.log
reset_run synth_1
WARNING: [Vivado 12-1017] Problems encountered:
1. Failed to delete one or more files in run directory C:/Users/danie/project_666/project_666.runs/synth_1

launch_runs synth_1 -jobs 6
[Thu Jun 15 17:22:33 2023] Launched synth_1...
Run output will be captured here: C:/Users/danie/project_666/project_666.runs/synth_1/runme.log
reset_run synth_1
WARNING: [Vivado 12-1017] Problems encountered:
1. Failed to delete one or more files in run directory C:/Users/danie/project_666/project_666.runs/synth_1

launch_runs synth_1 -jobs 6
[Thu Jun 15 17:37:26 2023] Launched synth_1...
Run output will be captured here: C:/Users/danie/project_666/project_666.runs/synth_1/runme.log
reset_run synth_1
WARNING: [Vivado 12-1017] Problems encountered:
1. Failed to delete one or more files in run directory C:/Users/danie/project_666/project_666.runs/synth_1

launch_runs synth_1 -jobs 6
[Thu Jun 15 17:39:15 2023] Launched synth_1...
Run output will be captured here: C:/Users/danie/project_666/project_666.runs/synth_1/runme.log
reset_run synth_1
WARNING: [Vivado 12-1017] Problems encountered:
1. Failed to delete one or more files in run directory C:/Users/danie/project_666/project_666.runs/synth_1

update_compile_order -fileset sources_1
launch_runs synth_1 -jobs 6
[Thu Jun 15 17:41:18 2023] Launched synth_1...
Run output will be captured here: C:/Users/danie/project_666/project_666.runs/synth_1/runme.log
reset_run synth_1
INFO: [Project 1-1161] Replacing file C:/Users/danie/project_666/project_666.srcs/utils_1/imports/synth_1/led_shift.dcp with file C:/Users/danie/project_666/project_666.runs/synth_1/traffic_controller.dcp
WARNING: [Vivado 12-1017] Problems encountered:
1. Failed to delete one or more files in run directory C:/Users/danie/project_666/project_666.runs/synth_1

launch_runs synth_1 -jobs 6
[Thu Jun 15 17:56:03 2023] Launched synth_1...
Run output will be captured here: C:/Users/danie/project_666/project_666.runs/synth_1/runme.log
launch_runs impl_1 -jobs 6
[Thu Jun 15 17:56:51 2023] Launched impl_1...
Run output will be captured here: C:/Users/danie/project_666/project_666.runs/impl_1/runme.log
launch_runs impl_1 -to_step write_bitstream -jobs 6
[Thu Jun 15 17:58:08 2023] Launched impl_1...
Run output will be captured here: C:/Users/danie/project_666/project_666.runs/impl_1/runme.log
open_hw_manager
connect_hw_server -allow_non_jtag
INFO: [Labtools 27-2285] Connecting to hw_server url TCP:localhost:3121
INFO: [Labtools 27-2222] Launching hw_server...
INFO: [Labtools 27-2221] Launch Output:

****** Xilinx hw_server v2022.2
  **** Build date : Oct 14 2022 at 05:18:10
    ** Copyright 1986-2022 Xilinx, Inc. All Rights Reserved.


INFO: [Labtools 27-3415] Connecting to cs_server url TCP:localhost:0
INFO: [Labtools 27-3417] Launching cs_server...
INFO: [Labtools 27-2221] Launch Output:


******** Xilinx cs_server v2022.2.0
  ****** Build date   : Oct 05 2022-07:25:37
    **** Build number : 2022.2.1664925937
      ** Copyright 2017-2023 Xilinx, Inc. All Rights Reserved.



open_hw_target
INFO: [Labtoolstcl 44-466] Opening hw_target localhost:3121/xilinx_tcf/Xilinx/1234-tulA
set_property PROGRAM.FILE {C:/Users/danie/project_666/project_666.runs/impl_1/traffic_controller.bit} [get_hw_devices xc7z020_1]
current_hw_device [get_hw_devices xc7z020_1]
refresh_hw_device -update_hw_probes false [lindex [get_hw_devices xc7z020_1] 0]
INFO: [Labtools 27-1435] Device xc7z020 (JTAG device index = 1) is not programmed (DONE status = 0).
set_property PROBES.FILE {} [get_hw_devices xc7z020_1]
set_property FULL_PROBES.FILE {} [get_hw_devices xc7z020_1]
set_property PROGRAM.FILE {C:/Users/danie/project_666/project_666.runs/impl_1/traffic_controller.bit} [get_hw_devices xc7z020_1]
program_hw_devices [get_hw_devices xc7z020_1]
INFO: [Labtools 27-3164] End of startup status: HIGH
refresh_hw_device [lindex [get_hw_devices xc7z020_1] 0]
INFO: [Labtools 27-1434] Device xc7z020 (JTAG device index = 1) is programmed with a design that has no supported debug core(s) in it.
ERROR: [Labtoolstcl 44-513] HW Target shutdown. Closing target: localhost:3121/xilinx_tcf/Xilinx/1234-tulA
close_hw_manager
reset_run synth_1
INFO: [Project 1-1161] Replacing file C:/Users/danie/project_666/project_666.srcs/utils_1/imports/synth_1/led_shift.dcp with file C:/Users/danie/project_666/project_666.runs/synth_1/traffic_controller.dcp
WARNING: [Vivado 12-1017] Problems encountered:
1. Failed to delete one or more files in run directory C:/Users/danie/project_666/project_666.runs/synth_1

launch_runs synth_1 -jobs 6
[Thu Jun 15 18:01:12 2023] Launched synth_1...
Run output will be captured here: C:/Users/danie/project_666/project_666.runs/synth_1/runme.log
launch_runs impl_1 -jobs 6
[Thu Jun 15 18:03:02 2023] Launched impl_1...
Run output will be captured here: C:/Users/danie/project_666/project_666.runs/impl_1/runme.log
launch_runs impl_1 -to_step write_bitstream -jobs 6
[Thu Jun 15 18:04:13 2023] Launched impl_1...
Run output will be captured here: C:/Users/danie/project_666/project_666.runs/impl_1/runme.log
reset_run synth_1
INFO: [Project 1-1161] Replacing file C:/Users/danie/project_666/project_666.srcs/utils_1/imports/synth_1/led_shift.dcp with file C:/Users/danie/project_666/project_666.runs/synth_1/traffic_controller.dcp
WARNING: [Vivado 12-1017] Problems encountered:
1. Failed to delete one or more files in run directory C:/Users/danie/project_666/project_666.runs/synth_1

launch_runs synth_1 -jobs 6
[Thu Jun 15 18:06:32 2023] Launched synth_1...
Run output will be captured here: C:/Users/danie/project_666/project_666.runs/synth_1/runme.log
reset_run synth_1
WARNING: [Vivado 12-1017] Problems encountered:
1. Failed to delete one or more files in run directory C:/Users/danie/project_666/project_666.runs/synth_1

launch_runs synth_1 -jobs 6
[Thu Jun 15 18:08:55 2023] Launched synth_1...
Run output will be captured here: C:/Users/danie/project_666/project_666.runs/synth_1/runme.log
launch_runs impl_1 -jobs 6
[Thu Jun 15 18:09:45 2023] Launched impl_1...
Run output will be captured here: C:/Users/danie/project_666/project_666.runs/impl_1/runme.log
launch_runs impl_1 -to_step write_bitstream -jobs 6
[Thu Jun 15 18:11:03 2023] Launched impl_1...
Run output will be captured here: C:/Users/danie/project_666/project_666.runs/impl_1/runme.log
open_hw_manager
connect_hw_server -allow_non_jtag
INFO: [Labtools 27-2285] Connecting to hw_server url TCP:localhost:3121
INFO: [Labtools 27-2222] Launching hw_server...
INFO: [Labtools 27-2221] Launch Output:

****** Xilinx hw_server v2022.2
  **** Build date : Oct 14 2022 at 05:18:10
    ** Copyright 1986-2022 Xilinx, Inc. All Rights Reserved.


INFO: [Labtools 27-3415] Connecting to cs_server url TCP:localhost:0
INFO: [Labtools 27-3417] Launching cs_server...
INFO: [Labtools 27-2221] Launch Output:


******** Xilinx cs_server v2022.2.0
  ****** Build date   : Oct 05 2022-07:25:37
    **** Build number : 2022.2.1664925937
      ** Copyright 2017-2023 Xilinx, Inc. All Rights Reserved.



open_hw_target
INFO: [Labtoolstcl 44-466] Opening hw_target localhost:3121/xilinx_tcf/Xilinx/1234-tulA
set_property PROGRAM.FILE {C:/Users/danie/project_666/project_666.runs/impl_1/traffic_controller.bit} [get_hw_devices xc7z020_1]
current_hw_device [get_hw_devices xc7z020_1]
refresh_hw_device -update_hw_probes false [lindex [get_hw_devices xc7z020_1] 0]
INFO: [Labtools 27-1435] Device xc7z020 (JTAG device index = 1) is not programmed (DONE status = 0).
set_property PROBES.FILE {} [get_hw_devices xc7z020_1]
set_property FULL_PROBES.FILE {} [get_hw_devices xc7z020_1]
set_property PROGRAM.FILE {C:/Users/danie/project_666/project_666.runs/impl_1/traffic_controller.bit} [get_hw_devices xc7z020_1]
program_hw_devices [get_hw_devices xc7z020_1]
INFO: [Labtools 27-3164] End of startup status: HIGH
refresh_hw_device [lindex [get_hw_devices xc7z020_1] 0]
INFO: [Labtools 27-1434] Device xc7z020 (JTAG device index = 1) is programmed with a design that has no supported debug core(s) in it.
ERROR: [Labtoolstcl 44-513] HW Target shutdown. Closing target: localhost:3121/xilinx_tcf/Xilinx/1234-tulA
reset_run synth_1
INFO: [Project 1-1161] Replacing file C:/Users/danie/project_666/project_666.srcs/utils_1/imports/synth_1/led_shift.dcp with file C:/Users/danie/project_666/project_666.runs/synth_1/traffic_controller.dcp
WARNING: [Vivado 12-1017] Problems encountered:
1. Failed to delete one or more files in run directory C:/Users/danie/project_666/project_666.runs/synth_1

launch_runs synth_1 -jobs 6
[Thu Jun 15 18:36:38 2023] Launched synth_1...
Run output will be captured here: C:/Users/danie/project_666/project_666.runs/synth_1/runme.log
launch_runs impl_1 -jobs 6
[Thu Jun 15 18:37:34 2023] Launched impl_1...
Run output will be captured here: C:/Users/danie/project_666/project_666.runs/impl_1/runme.log
launch_runs impl_1 -to_step write_bitstream -jobs 6
[Thu Jun 15 18:38:52 2023] Launched impl_1...
Run output will be captured here: C:/Users/danie/project_666/project_666.runs/impl_1/runme.log
reset_run synth_1
INFO: [Project 1-1161] Replacing file C:/Users/danie/project_666/project_666.srcs/utils_1/imports/synth_1/led_shift.dcp with file C:/Users/danie/project_666/project_666.runs/synth_1/traffic_controller.dcp
WARNING: [Vivado 12-1017] Problems encountered:
1. Failed to delete one or more files in run directory C:/Users/danie/project_666/project_666.runs/synth_1

launch_runs synth_1 -jobs 6
[Thu Jun 15 18:40:10 2023] Launched synth_1...
Run output will be captured here: C:/Users/danie/project_666/project_666.runs/synth_1/runme.log
launch_runs impl_1 -jobs 6
[Thu Jun 15 18:40:59 2023] Launched impl_1...
Run output will be captured here: C:/Users/danie/project_666/project_666.runs/impl_1/runme.log
launch_runs impl_1 -to_step write_bitstream -jobs 6
[Thu Jun 15 18:42:10 2023] Launched impl_1...
Run output will be captured here: C:/Users/danie/project_666/project_666.runs/impl_1/runme.log
INFO: [Labtoolstcl 44-466] Opening hw_target localhost:3121/xilinx_tcf/Xilinx/1234-tulA
WARNING: [Labtoolstcl 44-129] No matching hw_ila_data was found.
INFO: [Labtools 27-1435] Device xc7z020 (JTAG device index = 1) is not programmed (DONE status = 0).
WARNING: [Labtoolstcl 44-129] No matching hw_ila_data was found.
set_property PROBES.FILE {} [get_hw_devices xc7z020_1]
set_property FULL_PROBES.FILE {} [get_hw_devices xc7z020_1]
set_property PROGRAM.FILE {C:/Users/danie/project_666/project_666.runs/impl_1/traffic_controller.bit} [get_hw_devices xc7z020_1]
program_hw_devices [get_hw_devices xc7z020_1]
INFO: [Labtools 27-3164] End of startup status: HIGH
refresh_hw_device [lindex [get_hw_devices xc7z020_1] 0]
INFO: [Labtools 27-1434] Device xc7z020 (JTAG device index = 1) is programmed with a design that has no supported debug core(s) in it.
ERROR: [Labtoolstcl 44-513] HW Target shutdown. Closing target: localhost:3121/xilinx_tcf/Xilinx/1234-tulA
reset_run synth_1
INFO: [Project 1-1161] Replacing file C:/Users/danie/project_666/project_666.srcs/utils_1/imports/synth_1/led_shift.dcp with file C:/Users/danie/project_666/project_666.runs/synth_1/traffic_controller.dcp
WARNING: [Vivado 12-1017] Problems encountered:
1. Failed to delete one or more files in run directory C:/Users/danie/project_666/project_666.runs/synth_1

launch_runs synth_1 -jobs 6
[Thu Jun 15 18:58:43 2023] Launched synth_1...
Run output will be captured here: C:/Users/danie/project_666/project_666.runs/synth_1/runme.log
launch_runs impl_1 -jobs 6
[Thu Jun 15 18:59:47 2023] Launched impl_1...
Run output will be captured here: C:/Users/danie/project_666/project_666.runs/impl_1/runme.log
launch_runs impl_1 -to_step write_bitstream -jobs 6
WARNING: [Vivado 12-872] Run step 'Design Initialization' is out-of-date.
[Thu Jun 15 19:01:09 2023] Launched impl_1...
Run output will be captured here: C:/Users/danie/project_666/project_666.runs/impl_1/runme.log
INFO: [Labtoolstcl 44-466] Opening hw_target localhost:3121/xilinx_tcf/Xilinx/1234-tulA
WARNING: [Labtoolstcl 44-129] No matching hw_ila_data was found.
INFO: [Labtools 27-1435] Device xc7z020 (JTAG device index = 1) is not programmed (DONE status = 0).
WARNING: [Labtoolstcl 44-129] No matching hw_ila_data was found.
set_property PROBES.FILE {} [get_hw_devices xc7z020_1]
set_property FULL_PROBES.FILE {} [get_hw_devices xc7z020_1]
set_property PROGRAM.FILE {C:/Users/danie/project_666/project_666.runs/impl_1/traffic_controller.bit} [get_hw_devices xc7z020_1]
program_hw_devices [get_hw_devices xc7z020_1]
INFO: [Labtools 27-3164] End of startup status: HIGH
refresh_hw_device [lindex [get_hw_devices xc7z020_1] 0]
INFO: [Labtools 27-1434] Device xc7z020 (JTAG device index = 1) is programmed with a design that has no supported debug core(s) in it.
reset_run synth_1
INFO: [Project 1-1161] Replacing file C:/Users/danie/project_666/project_666.srcs/utils_1/imports/synth_1/led_shift.dcp with file C:/Users/danie/project_666/project_666.runs/synth_1/traffic_controller.dcp
WARNING: [Vivado 12-1017] Problems encountered:
1. Failed to delete one or more files in run directory C:/Users/danie/project_666/project_666.runs/synth_1

launch_runs synth_1 -jobs 6
[Thu Jun 15 19:09:43 2023] Launched synth_1...
Run output will be captured here: C:/Users/danie/project_666/project_666.runs/synth_1/runme.log
launch_runs impl_1 -jobs 6
[Thu Jun 15 19:10:42 2023] Launched impl_1...
Run output will be captured here: C:/Users/danie/project_666/project_666.runs/impl_1/runme.log
launch_runs impl_1 -to_step write_bitstream -jobs 6
[Thu Jun 15 19:11:53 2023] Launched impl_1...
Run output will be captured here: C:/Users/danie/project_666/project_666.runs/impl_1/runme.log
close_hw_manager
reset_run synth_1
INFO: [Project 1-1161] Replacing file C:/Users/danie/project_666/project_666.srcs/utils_1/imports/synth_1/led_shift.dcp with file C:/Users/danie/project_666/project_666.runs/synth_1/traffic_controller.dcp
WARNING: [Vivado 12-1017] Problems encountered:
1. Failed to delete one or more files in run directory C:/Users/danie/project_666/project_666.runs/synth_1

launch_runs synth_1 -jobs 6
[Thu Jun 15 19:30:19 2023] Launched synth_1...
Run output will be captured here: C:/Users/danie/project_666/project_666.runs/synth_1/runme.log
reset_run synth_1
INFO: [Project 1-1161] Replacing file C:/Users/danie/project_666/project_666.srcs/utils_1/imports/synth_1/led_shift.dcp with file C:/Users/danie/project_666/project_666.runs/synth_1/traffic_controller.dcp
WARNING: [Vivado 12-1017] Problems encountered:
1. Failed to delete one or more files in run directory C:/Users/danie/project_666/project_666.runs/synth_1

launch_runs impl_1 -jobs 6
[Thu Jun 15 19:31:13 2023] Launched synth_1...
Run output will be captured here: C:/Users/danie/project_666/project_666.runs/synth_1/runme.log
[Thu Jun 15 19:31:13 2023] Launched impl_1...
Run output will be captured here: C:/Users/danie/project_666/project_666.runs/impl_1/runme.log
reset_run synth_1
INFO: [Project 1-1161] Replacing file C:/Users/danie/project_666/project_666.srcs/utils_1/imports/synth_1/led_shift.dcp with file C:/Users/danie/project_666/project_666.runs/synth_1/traffic_controller.dcp
WARNING: [Vivado 12-1017] Problems encountered:
1. Failed to delete one or more files in run directory C:/Users/danie/project_666/project_666.runs/synth_1

launch_runs synth_1 -jobs 6
[Thu Jun 15 19:33:55 2023] Launched synth_1...
Run output will be captured here: C:/Users/danie/project_666/project_666.runs/synth_1/runme.log
launch_runs impl_1 -jobs 6
[Thu Jun 15 19:34:46 2023] Launched impl_1...
Run output will be captured here: C:/Users/danie/project_666/project_666.runs/impl_1/runme.log
reset_run synth_1
INFO: [Project 1-1161] Replacing file C:/Users/danie/project_666/project_666.srcs/utils_1/imports/synth_1/led_shift.dcp with file C:/Users/danie/project_666/project_666.runs/synth_1/traffic_controller.dcp
WARNING: [Vivado 12-1017] Problems encountered:
1. Failed to delete one or more files in run directory C:/Users/danie/project_666/project_666.runs/synth_1

launch_runs synth_1 -jobs 6
[Thu Jun 15 19:38:37 2023] Launched synth_1...
Run output will be captured here: C:/Users/danie/project_666/project_666.runs/synth_1/runme.log
launch_runs impl_1 -jobs 6
[Thu Jun 15 19:39:27 2023] Launched impl_1...
Run output will be captured here: C:/Users/danie/project_666/project_666.runs/impl_1/runme.log
launch_runs impl_1 -to_step write_bitstream -jobs 6
[Thu Jun 15 19:40:51 2023] Launched impl_1...
Run output will be captured here: C:/Users/danie/project_666/project_666.runs/impl_1/runme.log
open_hw_manager
connect_hw_server -allow_non_jtag
INFO: [Labtools 27-2285] Connecting to hw_server url TCP:localhost:3121
INFO: [Labtools 27-2222] Launching hw_server...
INFO: [Labtools 27-2221] Launch Output:

****** Xilinx hw_server v2022.2
  **** Build date : Oct 14 2022 at 05:18:10
    ** Copyright 1986-2022 Xilinx, Inc. All Rights Reserved.


INFO: [Labtools 27-3415] Connecting to cs_server url TCP:localhost:0
INFO: [Labtools 27-3417] Launching cs_server...
INFO: [Labtools 27-2221] Launch Output:


******** Xilinx cs_server v2022.2.0
  ****** Build date   : Oct 05 2022-07:25:37
    **** Build number : 2022.2.1664925937
      ** Copyright 2017-2023 Xilinx, Inc. All Rights Reserved.



open_hw_target
INFO: [Labtoolstcl 44-466] Opening hw_target localhost:3121/xilinx_tcf/Xilinx/1234-tulA
set_property PROGRAM.FILE {C:/Users/danie/project_666/project_666.runs/impl_1/traffic_controller.bit} [get_hw_devices xc7z020_1]
current_hw_device [get_hw_devices xc7z020_1]
refresh_hw_device -update_hw_probes false [lindex [get_hw_devices xc7z020_1] 0]
INFO: [Labtools 27-1435] Device xc7z020 (JTAG device index = 1) is not programmed (DONE status = 0).
set_property PROBES.FILE {} [get_hw_devices xc7z020_1]
set_property FULL_PROBES.FILE {} [get_hw_devices xc7z020_1]
set_property PROGRAM.FILE {C:/Users/danie/project_666/project_666.runs/impl_1/traffic_controller.bit} [get_hw_devices xc7z020_1]
program_hw_devices [get_hw_devices xc7z020_1]
INFO: [Labtools 27-3164] End of startup status: HIGH
refresh_hw_device [lindex [get_hw_devices xc7z020_1] 0]
INFO: [Labtools 27-1434] Device xc7z020 (JTAG device index = 1) is programmed with a design that has no supported debug core(s) in it.
ERROR: [Labtoolstcl 44-513] HW Target shutdown. Closing target: localhost:3121/xilinx_tcf/Xilinx/1234-tulA
reset_run synth_1
INFO: [Project 1-1161] Replacing file C:/Users/danie/project_666/project_666.srcs/utils_1/imports/synth_1/led_shift.dcp with file C:/Users/danie/project_666/project_666.runs/synth_1/traffic_controller.dcp
WARNING: [Vivado 12-1017] Problems encountered:
1. Failed to delete one or more files in run directory C:/Users/danie/project_666/project_666.runs/synth_1

launch_runs synth_1 -jobs 6
[Thu Jun 15 19:47:00 2023] Launched synth_1...
Run output will be captured here: C:/Users/danie/project_666/project_666.runs/synth_1/runme.log
close_hw_manager
reset_run synth_1
WARNING: [Vivado 12-1017] Problems encountered:
1. Failed to delete one or more files in run directory C:/Users/danie/project_666/project_666.runs/synth_1

launch_runs synth_1 -jobs 6
[Thu Jun 15 19:49:52 2023] Launched synth_1...
Run output will be captured here: C:/Users/danie/project_666/project_666.runs/synth_1/runme.log
reset_run synth_1
WARNING: [Vivado 12-1017] Problems encountered:
1. Failed to delete one or more files in run directory C:/Users/danie/project_666/project_666.runs/synth_1

launch_runs synth_1 -jobs 6
[Thu Jun 15 19:52:45 2023] Launched synth_1...
Run output will be captured here: C:/Users/danie/project_666/project_666.runs/synth_1/runme.log
launch_runs impl_1 -jobs 6
[Thu Jun 15 19:53:35 2023] Launched impl_1...
Run output will be captured here: C:/Users/danie/project_666/project_666.runs/impl_1/runme.log
reset_run synth_1
INFO: [Project 1-1161] Replacing file C:/Users/danie/project_666/project_666.srcs/utils_1/imports/synth_1/led_shift.dcp with file C:/Users/danie/project_666/project_666.runs/synth_1/traffic_controller.dcp
WARNING: [Vivado 12-1017] Problems encountered:
1. Failed to delete one or more files in run directory C:/Users/danie/project_666/project_666.runs/synth_1

launch_runs synth_1 -jobs 6
[Thu Jun 15 19:56:01 2023] Launched synth_1...
Run output will be captured here: C:/Users/danie/project_666/project_666.runs/synth_1/runme.log
launch_runs impl_1 -jobs 6
[Thu Jun 15 19:56:56 2023] Launched impl_1...
Run output will be captured here: C:/Users/danie/project_666/project_666.runs/impl_1/runme.log
reset_run synth_1
INFO: [Project 1-1161] Replacing file C:/Users/danie/project_666/project_666.srcs/utils_1/imports/synth_1/led_shift.dcp with file C:/Users/danie/project_666/project_666.runs/synth_1/traffic_controller.dcp
WARNING: [Vivado 12-1017] Problems encountered:
1. Failed to delete one or more files in run directory C:/Users/danie/project_666/project_666.runs/synth_1

launch_runs synth_1 -jobs 6
[Thu Jun 15 20:07:55 2023] Launched synth_1...
Run output will be captured here: C:/Users/danie/project_666/project_666.runs/synth_1/runme.log
launch_runs impl_1 -jobs 6
[Thu Jun 15 20:08:44 2023] Launched impl_1...
Run output will be captured here: C:/Users/danie/project_666/project_666.runs/impl_1/runme.log
reset_run synth_1
INFO: [Project 1-1161] Replacing file C:/Users/danie/project_666/project_666.srcs/utils_1/imports/synth_1/led_shift.dcp with file C:/Users/danie/project_666/project_666.runs/synth_1/traffic_controller.dcp
WARNING: [Vivado 12-1017] Problems encountered:
1. Failed to delete one or more files in run directory C:/Users/danie/project_666/project_666.runs/synth_1

launch_runs synth_1 -jobs 6
[Thu Jun 15 20:10:19 2023] Launched synth_1...
Run output will be captured here: C:/Users/danie/project_666/project_666.runs/synth_1/runme.log
launch_runs impl_1 -jobs 6
[Thu Jun 15 20:11:06 2023] Launched impl_1...
Run output will be captured here: C:/Users/danie/project_666/project_666.runs/impl_1/runme.log
launch_runs impl_1 -to_step write_bitstream -jobs 6
[Thu Jun 15 20:12:28 2023] Launched impl_1...
Run output will be captured here: C:/Users/danie/project_666/project_666.runs/impl_1/runme.log
open_hw_manager
connect_hw_server -allow_non_jtag
INFO: [Labtools 27-2285] Connecting to hw_server url TCP:localhost:3121
INFO: [Labtools 27-2222] Launching hw_server...
INFO: [Labtools 27-2221] Launch Output:

****** Xilinx hw_server v2022.2
  **** Build date : Oct 14 2022 at 05:18:10
    ** Copyright 1986-2022 Xilinx, Inc. All Rights Reserved.


INFO: [Labtools 27-3415] Connecting to cs_server url TCP:localhost:0
INFO: [Labtools 27-3417] Launching cs_server...
INFO: [Labtools 27-2221] Launch Output:


******** Xilinx cs_server v2022.2.0
  ****** Build date   : Oct 05 2022-07:25:37
    **** Build number : 2022.2.1664925937
      ** Copyright 2017-2023 Xilinx, Inc. All Rights Reserved.



open_hw_target
INFO: [Labtoolstcl 44-466] Opening hw_target localhost:3121/xilinx_tcf/Xilinx/1234-tulA
set_property PROGRAM.FILE {C:/Users/danie/project_666/project_666.runs/impl_1/traffic_controller.bit} [get_hw_devices xc7z020_1]
current_hw_device [get_hw_devices xc7z020_1]
refresh_hw_device -update_hw_probes false [lindex [get_hw_devices xc7z020_1] 0]
INFO: [Labtools 27-1435] Device xc7z020 (JTAG device index = 1) is not programmed (DONE status = 0).
set_property PROBES.FILE {} [get_hw_devices xc7z020_1]
set_property FULL_PROBES.FILE {} [get_hw_devices xc7z020_1]
set_property PROGRAM.FILE {C:/Users/danie/project_666/project_666.runs/impl_1/traffic_controller.bit} [get_hw_devices xc7z020_1]
program_hw_devices [get_hw_devices xc7z020_1]
INFO: [Labtools 27-3164] End of startup status: HIGH
refresh_hw_device [lindex [get_hw_devices xc7z020_1] 0]
INFO: [Labtools 27-1434] Device xc7z020 (JTAG device index = 1) is programmed with a design that has no supported debug core(s) in it.
ERROR: [Labtoolstcl 44-513] HW Target shutdown. Closing target: localhost:3121/xilinx_tcf/Xilinx/1234-tulA
exit
INFO: [Common 17-206] Exiting Vivado at Thu Jun 15 20:16:57 2023...
