
*** Running vivado
    with args -log traffic_controller.vds -m64 -product Vivado -mode batch -messageDb vivado.pb -notrace -source traffic_controller.tcl



****** Vivado v2022.2 (64-bit)
  **** SW Build 3671981 on Fri Oct 14 05:00:03 MDT 2022
  **** IP Build 3669848 on Fri Oct 14 08:30:02 MDT 2022
    ** Copyright 1986-2022 Xilinx, Inc. All Rights Reserved.

source traffic_controller.tcl -notrace
Command: read_checkpoint -auto_incremental -incremental C:/Users/danie/project_666/project_666.srcs/utils_1/imports/synth_1/led_shift.dcp
INFO: [Vivado 12-5825] Read reference checkpoint from C:/Users/danie/project_666/project_666.srcs/utils_1/imports/synth_1/led_shift.dcp for incremental synthesis
INFO: [Vivado 12-7989] Please ensure there are no constraint changes
Command: synth_design -top traffic_controller -part xc7z020clg400-1
Starting synth_design
Attempting to get a license for feature 'Synthesis' and/or device 'xc7z020'
INFO: [Common 17-349] Got license for feature 'Synthesis' and/or device 'xc7z020'
INFO: [Device 21-403] Loading part xc7z020clg400-1
INFO: [Designutils 20-5440] No compile time benefit to using incremental synthesis; A full resynthesis will be run
INFO: [Designutils 20-4379] Flow is switching to default flow due to incremental criteria not met. If you would like to alter this behaviour and have the flow terminate instead, please set the following parameter config_implementation {autoIncr.Synth.RejectBehavior Terminate}
INFO: [Synth 8-7079] Multithreading enabled for synth_design using a maximum of 2 processes.
INFO: [Synth 8-7078] Launching helper process for spawning children vivado processes
INFO: [Synth 8-7075] Helper process launched with PID 11764
INFO: [Synth 8-11241] undeclared symbol 'REGCCE', assumed default net type 'wire' [C:/Xilinx/Vivado/2022.2/data/verilog/src/unimacro/BRAM_SINGLE_MACRO.v:2170]
---------------------------------------------------------------------------------
Starting RTL Elaboration : Time (s): cpu = 00:00:03 ; elapsed = 00:00:05 . Memory (MB): peak = 1235.633 ; gain = 408.961
---------------------------------------------------------------------------------
INFO: [Synth 8-6157] synthesizing module 'traffic_controller' [C:/Users/danie/project_666/project_666.srcs/sources_1/new/traffic_controller.v:3]
INFO: [Synth 8-6157] synthesizing module 'state_machine' [C:/Users/danie/project_666/project_666.srcs/sources_1/new/state_machine.v:3]
INFO: [Synth 8-155] case statement is not full and has no default [C:/Users/danie/project_666/project_666.srcs/sources_1/new/state_machine.v:36]
INFO: [Synth 8-155] case statement is not full and has no default [C:/Users/danie/project_666/project_666.srcs/sources_1/new/state_machine.v:69]
INFO: [Synth 8-155] case statement is not full and has no default [C:/Users/danie/project_666/project_666.srcs/sources_1/new/state_machine.v:120]
INFO: [Synth 8-6155] done synthesizing module 'state_machine' (0#1) [C:/Users/danie/project_666/project_666.srcs/sources_1/new/state_machine.v:3]
INFO: [Synth 8-6157] synthesizing module 'oneHz_gen' [C:/Users/danie/project_666/project_666.srcs/sources_1/new/onehz_gen.v:3]
INFO: [Synth 8-6155] done synthesizing module 'oneHz_gen' (0#1) [C:/Users/danie/project_666/project_666.srcs/sources_1/new/onehz_gen.v:3]
INFO: [Synth 8-6157] synthesizing module 'sw_debounce' [C:/Users/danie/project_666/project_666.srcs/sources_1/new/sw_deounce.v:3]
INFO: [Synth 8-6155] done synthesizing module 'sw_debounce' (0#1) [C:/Users/danie/project_666/project_666.srcs/sources_1/new/sw_deounce.v:3]
INFO: [Synth 8-6155] done synthesizing module 'traffic_controller' (0#1) [C:/Users/danie/project_666/project_666.srcs/sources_1/new/traffic_controller.v:3]
WARNING: [Synth 8-7137] Register seg_reg in module state_machine has both Set and reset with same priority. This may cause simulation mismatches. Consider rewriting code  [C:/Users/danie/project_666/project_666.srcs/sources_1/new/state_machine.v:38]
WARNING: [Synth 8-7137] Register clk_1Hz_reg_reg in module oneHz_gen has both Set and reset with same priority. This may cause simulation mismatches. Consider rewriting code  [C:/Users/danie/project_666/project_666.srcs/sources_1/new/onehz_gen.v:18]
---------------------------------------------------------------------------------
Finished RTL Elaboration : Time (s): cpu = 00:00:03 ; elapsed = 00:00:06 . Memory (MB): peak = 1325.637 ; gain = 498.965
---------------------------------------------------------------------------------
---------------------------------------------------------------------------------
Start Handling Custom Attributes
---------------------------------------------------------------------------------
---------------------------------------------------------------------------------
Finished Handling Custom Attributes : Time (s): cpu = 00:00:03 ; elapsed = 00:00:07 . Memory (MB): peak = 1325.637 ; gain = 498.965
---------------------------------------------------------------------------------
---------------------------------------------------------------------------------
Finished RTL Optimization Phase 1 : Time (s): cpu = 00:00:03 ; elapsed = 00:00:07 . Memory (MB): peak = 1325.637 ; gain = 498.965
---------------------------------------------------------------------------------
Netlist sorting complete. Time (s): cpu = 00:00:00 ; elapsed = 00:00:00.002 . Memory (MB): peak = 1325.637 ; gain = 0.000
INFO: [Project 1-570] Preparing netlist for logic optimization

Processing XDC Constraints
Initializing timing engine
Parsing XDC File [C:/Users/danie/Downloads/class_2/demo/xdc/demo.xdc]
WARNING: [Vivado 12-508] No pins matched 'clk_div_0/clk_div_reg/Q'. [C:/Users/danie/Downloads/class_2/demo/xdc/demo.xdc:13]
WARNING: [Vivado 12-661] port or pin '#' not found. [C:/Users/danie/Downloads/class_2/demo/xdc/demo.xdc:13]
CRITICAL WARNING: [Vivado 12-4739] create_generated_clock:No valid object(s) found for '-objects #'. [C:/Users/danie/Downloads/class_2/demo/xdc/demo.xdc:13]
Resolution: Check if the specified object(s) exists in the current design. If it does, ensure that the correct design hierarchy was specified for the object. If you are working with clocks, make sure create_clock was used to create the clock object before it is referenced.
Finished Parsing XDC File [C:/Users/danie/Downloads/class_2/demo/xdc/demo.xdc]
INFO: [Project 1-236] Implementation specific constraints were found while reading constraint file [C:/Users/danie/Downloads/class_2/demo/xdc/demo.xdc]. These constraints will be ignored for synthesis but will be used in implementation. Impacted constraints are listed in the file [.Xil/traffic_controller_propImpl.xdc].
Resolution: To avoid this warning, move constraints listed in [.Xil/traffic_controller_propImpl.xdc] to another XDC file and exclude this new file from synthesis with the used_in_synthesis property (File Properties dialog in GUI) and re-run elaboration/synthesis.
Completed Processing XDC Constraints

Netlist sorting complete. Time (s): cpu = 00:00:00 ; elapsed = 00:00:00 . Memory (MB): peak = 1354.250 ; gain = 0.000
INFO: [Project 1-111] Unisim Transformation Summary:
No Unisim elements were transformed.

Constraint Validation Runtime : Time (s): cpu = 00:00:00 ; elapsed = 00:00:00.002 . Memory (MB): peak = 1354.250 ; gain = 0.000
INFO: [Designutils 20-5440] No compile time benefit to using incremental synthesis; A full resynthesis will be run
INFO: [Designutils 20-4379] Flow is switching to default flow due to incremental criteria not met. If you would like to alter this behaviour and have the flow terminate instead, please set the following parameter config_implementation {autoIncr.Synth.RejectBehavior Terminate}
INFO: [Synth 8-11241] undeclared symbol 'REGCCE', assumed default net type 'wire' [C:/Xilinx/Vivado/2022.2/data/verilog/src/unimacro/BRAM_SINGLE_MACRO.v:2170]
---------------------------------------------------------------------------------
Finished Constraint Validation : Time (s): cpu = 00:00:07 ; elapsed = 00:00:14 . Memory (MB): peak = 1354.250 ; gain = 527.578
---------------------------------------------------------------------------------
---------------------------------------------------------------------------------
Start Loading Part and Timing Information
---------------------------------------------------------------------------------
Loading part: xc7z020clg400-1
---------------------------------------------------------------------------------
Finished Loading Part and Timing Information : Time (s): cpu = 00:00:07 ; elapsed = 00:00:14 . Memory (MB): peak = 1354.250 ; gain = 527.578
---------------------------------------------------------------------------------
---------------------------------------------------------------------------------
Start Applying 'set_property' XDC Constraints
---------------------------------------------------------------------------------
---------------------------------------------------------------------------------
Finished applying 'set_property' XDC Constraints : Time (s): cpu = 00:00:07 ; elapsed = 00:00:14 . Memory (MB): peak = 1354.250 ; gain = 527.578
---------------------------------------------------------------------------------
---------------------------------------------------------------------------------
Finished RTL Optimization Phase 2 : Time (s): cpu = 00:00:08 ; elapsed = 00:00:14 . Memory (MB): peak = 1354.250 ; gain = 527.578
---------------------------------------------------------------------------------
---------------------------------------------------------------------------------
Start RTL Component Statistics 
---------------------------------------------------------------------------------
Detailed RTL Component Info : 
+---Adders : 
	   2 Input   26 Bit       Adders := 1     
	   2 Input    5 Bit       Adders := 1     
+---Registers : 
	               26 Bit    Registers := 1     
	                7 Bit    Registers := 1     
	                5 Bit    Registers := 1     
	                3 Bit    Registers := 3     
	                1 Bit    Registers := 4     
+---Muxes : 
	   2 Input   26 Bit        Muxes := 1     
	   2 Input    7 Bit        Muxes := 9     
	  16 Input    7 Bit        Muxes := 1     
	  11 Input    7 Bit        Muxes := 1     
	   2 Input    5 Bit        Muxes := 1     
	   2 Input    3 Bit        Muxes := 4     
	   7 Input    3 Bit        Muxes := 2     
	   2 Input    2 Bit        Muxes := 1     
	   4 Input    2 Bit        Muxes := 1     
	   4 Input    1 Bit        Muxes := 1     
	   2 Input    1 Bit        Muxes := 10    
	   7 Input    1 Bit        Muxes := 1     
	  11 Input    1 Bit        Muxes := 2     
	  16 Input    1 Bit        Muxes := 1     
---------------------------------------------------------------------------------
Finished RTL Component Statistics 
---------------------------------------------------------------------------------
---------------------------------------------------------------------------------
Start Part Resource Summary
---------------------------------------------------------------------------------
Part Resources:
DSPs: 220 (col length:60)
BRAMs: 280 (col length: RAMB18 60 RAMB36 30)
---------------------------------------------------------------------------------
Finished Part Resource Summary
---------------------------------------------------------------------------------
---------------------------------------------------------------------------------
Start Cross Boundary and Area Optimization
---------------------------------------------------------------------------------
WARNING: [Synth 8-7080] Parallel synthesis criteria is not met
WARNING: [Synth 8-3332] Sequential element (sm/seg_reg[6]_LDC) is unused and will be removed from module traffic_controller.
WARNING: [Synth 8-3332] Sequential element (sm/seg_reg[6]_C) is unused and will be removed from module traffic_controller.
WARNING: [Synth 8-3332] Sequential element (sm/seg_reg[5]_LDC) is unused and will be removed from module traffic_controller.
WARNING: [Synth 8-3332] Sequential element (sm/seg_reg[5]_C) is unused and will be removed from module traffic_controller.
WARNING: [Synth 8-3332] Sequential element (sm/seg_reg[4]_LDC) is unused and will be removed from module traffic_controller.
WARNING: [Synth 8-3332] Sequential element (sm/seg_reg[4]_C) is unused and will be removed from module traffic_controller.
WARNING: [Synth 8-3332] Sequential element (sm/seg_reg[3]_LDC) is unused and will be removed from module traffic_controller.
WARNING: [Synth 8-3332] Sequential element (sm/seg_reg[3]_C) is unused and will be removed from module traffic_controller.
WARNING: [Synth 8-3332] Sequential element (sm/seg_reg[2]_LDC) is unused and will be removed from module traffic_controller.
WARNING: [Synth 8-3332] Sequential element (sm/seg_reg[2]_C) is unused and will be removed from module traffic_controller.
WARNING: [Synth 8-3332] Sequential element (sm/seg_reg[1]_LDC) is unused and will be removed from module traffic_controller.
WARNING: [Synth 8-3332] Sequential element (sm/seg_reg[1]_C) is unused and will be removed from module traffic_controller.
WARNING: [Synth 8-3332] Sequential element (sm/seg_reg[0]_LDC) is unused and will be removed from module traffic_controller.
WARNING: [Synth 8-3332] Sequential element (sm/seg_reg[0]_C) is unused and will be removed from module traffic_controller.
---------------------------------------------------------------------------------
Finished Cross Boundary and Area Optimization : Time (s): cpu = 00:00:09 ; elapsed = 00:00:17 . Memory (MB): peak = 1354.250 ; gain = 527.578
---------------------------------------------------------------------------------
---------------------------------------------------------------------------------
Start Applying XDC Timing Constraints
---------------------------------------------------------------------------------
---------------------------------------------------------------------------------
Finished Applying XDC Timing Constraints : Time (s): cpu = 00:00:12 ; elapsed = 00:00:22 . Memory (MB): peak = 1354.250 ; gain = 527.578
---------------------------------------------------------------------------------
---------------------------------------------------------------------------------
Start Timing Optimization
---------------------------------------------------------------------------------
---------------------------------------------------------------------------------
Finished Timing Optimization : Time (s): cpu = 00:00:12 ; elapsed = 00:00:22 . Memory (MB): peak = 1355.953 ; gain = 529.281
---------------------------------------------------------------------------------
---------------------------------------------------------------------------------
Start Technology Mapping
---------------------------------------------------------------------------------
---------------------------------------------------------------------------------
Finished Technology Mapping : Time (s): cpu = 00:00:12 ; elapsed = 00:00:22 . Memory (MB): peak = 1355.953 ; gain = 529.281
---------------------------------------------------------------------------------
---------------------------------------------------------------------------------
Start IO Insertion
---------------------------------------------------------------------------------
---------------------------------------------------------------------------------
Start Flattening Before IO Insertion
---------------------------------------------------------------------------------
---------------------------------------------------------------------------------
Finished Flattening Before IO Insertion
---------------------------------------------------------------------------------
---------------------------------------------------------------------------------
Start Final Netlist Cleanup
---------------------------------------------------------------------------------
---------------------------------------------------------------------------------
Finished Final Netlist Cleanup
---------------------------------------------------------------------------------
---------------------------------------------------------------------------------
Finished IO Insertion : Time (s): cpu = 00:00:14 ; elapsed = 00:00:27 . Memory (MB): peak = 1355.953 ; gain = 529.281
---------------------------------------------------------------------------------
---------------------------------------------------------------------------------
Start Renaming Generated Instances
---------------------------------------------------------------------------------
---------------------------------------------------------------------------------
Finished Renaming Generated Instances : Time (s): cpu = 00:00:14 ; elapsed = 00:00:27 . Memory (MB): peak = 1355.953 ; gain = 529.281
---------------------------------------------------------------------------------
---------------------------------------------------------------------------------
Start Rebuilding User Hierarchy
---------------------------------------------------------------------------------
---------------------------------------------------------------------------------
Finished Rebuilding User Hierarchy : Time (s): cpu = 00:00:14 ; elapsed = 00:00:27 . Memory (MB): peak = 1355.953 ; gain = 529.281
---------------------------------------------------------------------------------
---------------------------------------------------------------------------------
Start Renaming Generated Ports
---------------------------------------------------------------------------------
---------------------------------------------------------------------------------
Finished Renaming Generated Ports : Time (s): cpu = 00:00:14 ; elapsed = 00:00:27 . Memory (MB): peak = 1355.953 ; gain = 529.281
---------------------------------------------------------------------------------
---------------------------------------------------------------------------------
Start Handling Custom Attributes
---------------------------------------------------------------------------------
---------------------------------------------------------------------------------
Finished Handling Custom Attributes : Time (s): cpu = 00:00:14 ; elapsed = 00:00:27 . Memory (MB): peak = 1355.953 ; gain = 529.281
---------------------------------------------------------------------------------
---------------------------------------------------------------------------------
Start Renaming Generated Nets
---------------------------------------------------------------------------------
---------------------------------------------------------------------------------
Finished Renaming Generated Nets : Time (s): cpu = 00:00:14 ; elapsed = 00:00:27 . Memory (MB): peak = 1355.953 ; gain = 529.281
---------------------------------------------------------------------------------
---------------------------------------------------------------------------------
Start Writing Synthesis Report
---------------------------------------------------------------------------------

Report BlackBoxes: 
+-+--------------+----------+
| |BlackBox name |Instances |
+-+--------------+----------+
+-+--------------+----------+

Report Cell Usage: 
+------+-------+------+
|      |Cell   |Count |
+------+-------+------+
|1     |BUFG   |     1|
|2     |CARRY4 |     7|
|3     |LUT1   |     1|
|4     |LUT2   |    31|
|5     |LUT3   |     4|
|6     |LUT4   |     6|
|7     |LUT5   |     9|
|8     |LUT6   |    14|
|9     |FDCE   |    34|
|10    |FDRE   |    17|
|11    |IBUF   |     3|
|12    |OBUF   |    13|
+------+-------+------+
---------------------------------------------------------------------------------
Finished Writing Synthesis Report : Time (s): cpu = 00:00:14 ; elapsed = 00:00:27 . Memory (MB): peak = 1355.953 ; gain = 529.281
---------------------------------------------------------------------------------
Synthesis finished with 0 errors, 0 critical warnings and 15 warnings.
Synthesis Optimization Runtime : Time (s): cpu = 00:00:10 ; elapsed = 00:00:25 . Memory (MB): peak = 1355.953 ; gain = 500.668
Synthesis Optimization Complete : Time (s): cpu = 00:00:14 ; elapsed = 00:00:27 . Memory (MB): peak = 1355.953 ; gain = 529.281
INFO: [Project 1-571] Translating synthesized netlist
Netlist sorting complete. Time (s): cpu = 00:00:00 ; elapsed = 00:00:00 . Memory (MB): peak = 1364.836 ; gain = 0.000
INFO: [Netlist 29-17] Analyzing 7 Unisim elements for replacement
INFO: [Netlist 29-28] Unisim Transformation completed in 0 CPU seconds
INFO: [Project 1-570] Preparing netlist for logic optimization
INFO: [Opt 31-138] Pushed 0 inverter(s) to 0 load pin(s).
Netlist sorting complete. Time (s): cpu = 00:00:00 ; elapsed = 00:00:00 . Memory (MB): peak = 1369.465 ; gain = 0.000
INFO: [Project 1-111] Unisim Transformation Summary:
No Unisim elements were transformed.

Synth Design complete, checksum: f3904b2e
INFO: [Common 17-83] Releasing license: Synthesis
34 Infos, 19 Warnings, 1 Critical Warnings and 0 Errors encountered.
synth_design completed successfully
synth_design: Time (s): cpu = 00:00:16 ; elapsed = 00:00:32 . Memory (MB): peak = 1369.465 ; gain = 949.641
INFO: [runtcl-6] Synthesis results are not added to the cache due to CRITICAL_WARNING
INFO: [Common 17-1381] The checkpoint 'C:/Users/danie/project_666/project_666.runs/synth_1/traffic_controller.dcp' has been generated.
INFO: [runtcl-4] Executing : report_utilization -file traffic_controller_utilization_synth.rpt -pb traffic_controller_utilization_synth.pb
INFO: [Common 17-206] Exiting Vivado at Sat Jun 17 23:25:10 2023...
